Determining if the pthread_create exist failed with the following output:
Change Dir: /home/mw542/catkin_ws/src/turtlebot3_simulations/turtlebot3_gazebo/worlds/plugins/build/CMakeFiles/CMakeTmp

Run Build Command:"/usr/bin/make" "cmTC_3793b/fast"
/usr/bin/make -f CMakeFiles/cmTC_3793b.dir/build.make CMakeFiles/cmTC_3793b.dir/build
make[1]: Entering directory '/home/mw542/catkin_ws/src/turtlebot3_simulations/turtlebot3_gazebo/worlds/plugins/build/CMakeFiles/CMakeTmp'
Building C object CMakeFiles/cmTC_3793b.dir/CheckSymbolExists.c.o
/usr/bin/cc     -o CMakeFiles/cmTC_3793b.dir/CheckSymbolExists.c.o   -c /home/mw542/catkin_ws/src/turtlebot3_simulations/turtlebot3_gazebo/worlds/plugins/build/CMakeFiles/CMakeTmp/CheckSymbolExists.c
Linking C executable cmTC_3793b
/usr/bin/cmake -E cmake_link_script CMakeFiles/cmTC_3793b.dir/link.txt --verbose=1
/usr/bin/cc       CMakeFiles/cmTC_3793b.dir/CheckSymbolExists.c.o  -o cmTC_3793b -rdynamic 
CMakeFiles/cmTC_3793b.dir/CheckSymbolExists.c.o: In function `main':
CheckSymbolExists.c:(.text+0x16): undefined reference to `pthread_create'
collect2: error: ld returned 1 exit status
CMakeFiles/cmTC_3793b.dir/build.make:97: recipe for target 'cmTC_3793b' failed
make[1]: *** [cmTC_3793b] Error 1
make[1]: Leaving directory '/home/mw542/catkin_ws/src/turtlebot3_simulations/turtlebot3_gazebo/worlds/plugins/build/CMakeFiles/CMakeTmp'
Makefile:126: recipe for target 'cmTC_3793b/fast' failed
make: *** [cmTC_3793b/fast] Error 2

File /home/mw542/catkin_ws/src/turtlebot3_simulations/turtlebot3_gazebo/worlds/plugins/build/CMakeFiles/CMakeTmp/CheckSymbolExists.c:
/* */
#include <pthread.h>

int main(int argc, char** argv)
{
  (void)argv;
#ifndef pthread_create
  return ((int*)(&pthread_create))[argc];
#else
  (void)argc;
  return 0;
#endif
}

Determining if the function pthread_create exists in the pthreads failed with the following output:
Change Dir: /home/mw542/catkin_ws/src/turtlebot3_simulations/turtlebot3_gazebo/worlds/plugins/build/CMakeFiles/CMakeTmp

Run Build Command:"/usr/bin/make" "cmTC_254c3/fast"
/usr/bin/make -f CMakeFiles/cmTC_254c3.dir/build.make CMakeFiles/cmTC_254c3.dir/build
make[1]: Entering directory '/home/mw542/catkin_ws/src/turtlebot3_simulations/turtlebot3_gazebo/worlds/plugins/build/CMakeFiles/CMakeTmp'
Building C object CMakeFiles/cmTC_254c3.dir/CheckFunctionExists.c.o
/usr/bin/cc    -DCHECK_FUNCTION_EXISTS=pthread_create   -o CMakeFiles/cmTC_254c3.dir/CheckFunctionExists.c.o   -c /usr/share/cmake-3.5/Modules/CheckFunctionExists.c
Linking C executable cmTC_254c3
/usr/bin/cmake -E cmake_link_script CMakeFiles/cmTC_254c3.dir/link.txt --verbose=1
/usr/bin/cc   -DCHECK_FUNCTION_EXISTS=pthread_create    CMakeFiles/cmTC_254c3.dir/CheckFunctionExists.c.o  -o cmTC_254c3 -rdynamic -lpthreads 
/usr/bin/ld: cannot find -lpthreads
collect2: error: ld returned 1 exit status
CMakeFiles/cmTC_254c3.dir/build.make:97: recipe for target 'cmTC_254c3' failed
make[1]: *** [cmTC_254c3] Error 1
make[1]: Leaving directory '/home/mw542/catkin_ws/src/turtlebot3_simulations/turtlebot3_gazebo/worlds/plugins/build/CMakeFiles/CMakeTmp'
Makefile:126: recipe for target 'cmTC_254c3/fast' failed
make: *** [cmTC_254c3/fast] Error 2


